have_library: checking for gzopen() in -lz... -------------------- yes

"gcc -o conftest -I. -I/Users/martin/.rvm/ruby-1.8.7-p248/lib/ruby/1.8/i686-darwin10.2.0 -I.  -D_XOPEN_SOURCE -D_DARWIN_C_SOURCE   -g -O2  -fno-common -pipe -fno-common   conftest.c  -L. -L/Users/martin/.rvm/ruby-1.8.7-p248/lib -L.      -lruby-static -lz  -ldl -lobjc  "
conftest.c: In function ‘t’:
conftest.c:3: error: ‘gzopen’ undeclared (first use in this function)
conftest.c:3: error: (Each undeclared identifier is reported only once
conftest.c:3: error: for each function it appears in.)
checked program was:
/* begin */
1: /*top*/
2: int main() { return 0; }
3: int t() { void ((*volatile p)()); p = (void ((*)()))gzopen; return 0; }
/* end */

"gcc -o conftest -I. -I/Users/martin/.rvm/ruby-1.8.7-p248/lib/ruby/1.8/i686-darwin10.2.0 -I.  -D_XOPEN_SOURCE -D_DARWIN_C_SOURCE   -g -O2  -fno-common -pipe -fno-common   conftest.c  -L. -L/Users/martin/.rvm/ruby-1.8.7-p248/lib -L.      -lruby-static -lz  -ldl -lobjc  "
checked program was:
/* begin */
1: /*top*/
2: int main() { return 0; }
3: int t() { gzopen(); return 0; }
/* end */

--------------------

